{"numFailedTestSuites":2,"numFailedTests":6,"numPassedTestSuites":3,"numPassedTests":40,"numPendingTestSuites":0,"numPendingTests":4,"numRuntimeErrorTestSuites":0,"numTodoTests":0,"numTotalTestSuites":5,"numTotalTests":50,"openHandles":[],"snapshot":{"added":0,"didUpdate":false,"failure":false,"filesAdded":0,"filesRemoved":0,"filesRemovedList":[],"filesUnmatched":0,"filesUpdated":0,"matched":0,"total":0,"unchecked":0,"uncheckedKeysByFile":[],"unmatched":0,"updated":0},"startTime":1775399997908,"success":false,"testResults":[{"assertionResults":[{"ancestorTitles":["UI Test Cases - Register Endpoint (/api/v1/auth/register)"],"duration":755,"failing":false,"failureDetails":[],"failureMessages":[],"fullName":"UI Test Cases - Register Endpoint (/api/v1/auth/register) Register_1: Đăng ký tài khoản thành công","invocations":1,"location":null,"numPassingAsserts":3,"retryReasons":[],"startAt":1775400000339,"status":"passed","title":"Register_1: Đăng ký tài khoản thành công"},{"ancestorTitles":["UI Test Cases - Register Endpoint (/api/v1/auth/register)"],"duration":243,"failing":false,"failureDetails":[],"failureMessages":[],"fullName":"UI Test Cases - Register Endpoint (/api/v1/auth/register) Register_2: Đăng ký thất bại – Email không hợp lệ (thiếu .com)","invocations":1,"location":null,"numPassingAsserts":3,"retryReasons":[],"startAt":1775400001095,"status":"passed","title":"Register_2: Đăng ký thất bại – Email không hợp lệ (thiếu .com)"},{"ancestorTitles":["UI Test Cases - Register Endpoint (/api/v1/auth/register)"],"duration":241,"failing":false,"failureDetails":[],"failureMessages":[],"fullName":"UI Test Cases - Register Endpoint (/api/v1/auth/register) Register_3: Đăng ký thất bại – Email đã tồn tại trong hệ thống","invocations":1,"location":null,"numPassingAsserts":3,"retryReasons":[],"startAt":1775400001338,"status":"passed","title":"Register_3: Đăng ký thất bại – Email đã tồn tại trong hệ thống"},{"ancestorTitles":["UI Test Cases - Register Endpoint (/api/v1/auth/register)"],"duration":242,"failing":false,"failureDetails":[],"failureMessages":[],"fullName":"UI Test Cases - Register Endpoint (/api/v1/auth/register) Register_4: Đăng ký thất bại – Mật khẩu quá ngắn","invocations":1,"location":null,"numPassingAsserts":3,"retryReasons":[],"startAt":1775400001579,"status":"passed","title":"Register_4: Đăng ký thất bại – Mật khẩu quá ngắn"},{"ancestorTitles":["UI Test Cases - Register Endpoint (/api/v1/auth/register)"],"duration":237,"failing":false,"failureDetails":[],"failureMessages":[],"fullName":"UI Test Cases - Register Endpoint (/api/v1/auth/register) Register_5: Đăng ký thất bại – Bỏ trống họ và tên","invocations":1,"location":null,"numPassingAsserts":2,"retryReasons":[],"startAt":1775400001821,"status":"passed","title":"Register_5: Đăng ký thất bại – Bỏ trống họ và tên"},{"ancestorTitles":["UI Test Cases - Register Endpoint (/api/v1/auth/register)"],"duration":232,"failing":false,"failureDetails":[],"failureMessages":[],"fullName":"UI Test Cases - Register Endpoint (/api/v1/auth/register) Register_6: Đăng ký thất bại – Bỏ trống email","invocations":1,"location":null,"numPassingAsserts":2,"retryReasons":[],"startAt":1775400002059,"status":"passed","title":"Register_6: Đăng ký thất bại – Bỏ trống email"},{"ancestorTitles":["UI Test Cases - Register Endpoint (/api/v1/auth/register)"],"duration":237,"failing":false,"failureDetails":[],"failureMessages":[],"fullName":"UI Test Cases - Register Endpoint (/api/v1/auth/register) Register_7: Đăng ký thất bại – Bỏ trống mật khẩu","invocations":1,"location":null,"numPassingAsserts":2,"retryReasons":[],"startAt":1775400002291,"status":"passed","title":"Register_7: Đăng ký thất bại – Bỏ trống mật khẩu"},{"ancestorTitles":["UI Test Cases - Register Endpoint (/api/v1/auth/register)"],"duration":235,"failing":false,"failureDetails":[],"failureMessages":[],"fullName":"UI Test Cases - Register Endpoint (/api/v1/auth/register) Register_8: Đăng ký thất bại – Bỏ trống tất cả các trường","invocations":1,"location":null,"numPassingAsserts":1,"retryReasons":[],"startAt":1775400002528,"status":"passed","title":"Register_8: Đăng ký thất bại – Bỏ trống tất cả các trường"},{"ancestorTitles":["UI Test Cases - Register Endpoint (/api/v1/auth/register)"],"duration":240,"failing":false,"failureDetails":[],"failureMessages":[],"fullName":"UI Test Cases - Register Endpoint (/api/v1/auth/register) Register_9: Đăng ký thất bại – Email chứa khoảng trắng","invocations":1,"location":null,"numPassingAsserts":2,"retryReasons":[],"startAt":1775400002764,"status":"passed","title":"Register_9: Đăng ký thất bại – Email chứa khoảng trắng"},{"ancestorTitles":["UI Test Cases - Register Endpoint (/api/v1/auth/register)"],"duration":235,"failing":false,"failureDetails":[],"failureMessages":[],"fullName":"UI Test Cases - Register Endpoint (/api/v1/auth/register) Register_10: Đăng ký thất bại – Họ tên chỉ nhập khoảng trắng","invocations":1,"location":null,"numPassingAsserts":2,"retryReasons":[],"startAt":1775400003004,"status":"passed","title":"Register_10: Đăng ký thất bại – Họ tên chỉ nhập khoảng trắng"}],"endTime":1775400003365,"message":"","name":"D:\\NNPTUD_DoAn\\backend\\tests\\integration\\register-ui.integration.test.js","startTime":1775399998254,"status":"passed","summary":""},{"assertionResults":[{"ancestorTitles":["UI Test Cases - Login Endpoint (/api/v1/auth/login)"],"duration":705,"failing":false,"failureDetails":[],"failureMessages":[],"fullName":"UI Test Cases - Login Endpoint (/api/v1/auth/login) Login_1: Đăng nhập thành công với email và mật khẩu hợp lệ","invocations":1,"location":null,"numPassingAsserts":5,"retryReasons":[],"startAt":1775400000330,"status":"passed","title":"Login_1: Đăng nhập thành công với email và mật khẩu hợp lệ"},{"ancestorTitles":["UI Test Cases - Login Endpoint (/api/v1/auth/login)"],"duration":244,"failing":false,"failureDetails":[],"failureMessages":[],"fullName":"UI Test Cases - Login Endpoint (/api/v1/auth/login) Login_2: Đăng nhập thất bại do email không hợp lệ (thiếu .com)","invocations":1,"location":null,"numPassingAsserts":3,"retryReasons":[],"startAt":1775400001035,"status":"passed","title":"Login_2: Đăng nhập thất bại do email không hợp lệ (thiếu .com)"},{"ancestorTitles":["UI Test Cases - Login Endpoint (/api/v1/auth/login)"],"duration":465,"failing":false,"failureDetails":[],"failureMessages":[],"fullName":"UI Test Cases - Login Endpoint (/api/v1/auth/login) Login_3: Đăng nhập thất bại do sai mật khẩu","invocations":1,"location":null,"numPassingAsserts":3,"retryReasons":[],"startAt":1775400001279,"status":"passed","title":"Login_3: Đăng nhập thất bại do sai mật khẩu"},{"ancestorTitles":["UI Test Cases - Login Endpoint (/api/v1/auth/login)"],"duration":240,"failing":false,"failureDetails":[],"failureMessages":[],"fullName":"UI Test Cases - Login Endpoint (/api/v1/auth/login) Login_4: Đăng nhập thất bại do email không tồn tại trong hệ thống","invocations":1,"location":null,"numPassingAsserts":3,"retryReasons":[],"startAt":1775400001744,"status":"passed","title":"Login_4: Đăng nhập thất bại do email không tồn tại trong hệ thống"},{"ancestorTitles":["UI Test Cases - Login Endpoint (/api/v1/auth/login)"],"duration":463,"failing":false,"failureDetails":[],"failureMessages":[],"fullName":"UI Test Cases - Login Endpoint (/api/v1/auth/login) Login_5: Đăng nhập thất bại do sai mật khẩu (trường hợp password ngắn \"123\")","invocations":1,"location":null,"numPassingAsserts":3,"retryReasons":[],"startAt":1775400001984,"status":"passed","title":"Login_5: Đăng nhập thất bại do sai mật khẩu (trường hợp password ngắn \"123\")"},{"ancestorTitles":["UI Test Cases - Login Endpoint (/api/v1/auth/login)"],"duration":236,"failing":false,"failureDetails":[],"failureMessages":[],"fullName":"UI Test Cases - Login Endpoint (/api/v1/auth/login) Login_6: Đăng nhập thất bại khi email để trống","invocations":1,"location":null,"numPassingAsserts":3,"retryReasons":[],"startAt":1775400002447,"status":"passed","title":"Login_6: Đăng nhập thất bại khi email để trống"},{"ancestorTitles":["UI Test Cases - Login Endpoint (/api/v1/auth/login)"],"duration":232,"failing":false,"failureDetails":[],"failureMessages":[],"fullName":"UI Test Cases - Login Endpoint (/api/v1/auth/login) Login_7: Đăng nhập thất bại khi mật khẩu để trống","invocations":1,"location":null,"numPassingAsserts":3,"retryReasons":[],"startAt":1775400002683,"status":"passed","title":"Login_7: Đăng nhập thất bại khi mật khẩu để trống"},{"ancestorTitles":["UI Test Cases - Login Endpoint (/api/v1/auth/login)"],"duration":238,"failing":false,"failureDetails":[],"failureMessages":[],"fullName":"UI Test Cases - Login Endpoint (/api/v1/auth/login) Login_8: Đăng nhập thất bại khi bỏ trống cả email và mật khẩu","invocations":1,"location":null,"numPassingAsserts":4,"retryReasons":[],"startAt":1775400002915,"status":"passed","title":"Login_8: Đăng nhập thất bại khi bỏ trống cả email và mật khẩu"},{"ancestorTitles":["UI Test Cases - Login Endpoint (/api/v1/auth/login)"],"duration":236,"failing":false,"failureDetails":[],"failureMessages":[],"fullName":"UI Test Cases - Login Endpoint (/api/v1/auth/login) Login_9: Đăng nhập thất bại do email chứa khoảng trắng","invocations":1,"location":null,"numPassingAsserts":3,"retryReasons":[],"startAt":1775400003153,"status":"passed","title":"Login_9: Đăng nhập thất bại do email chứa khoảng trắng"},{"ancestorTitles":["UI Test Cases - Login Endpoint (/api/v1/auth/login)"],"duration":null,"failing":false,"failureDetails":[],"failureMessages":[],"fullName":"UI Test Cases - Login Endpoint (/api/v1/auth/login) Login_10: Đăng nhập khi không có kết nối internet (Client-side behaviour)","invocations":1,"location":null,"numPassingAsserts":0,"retryReasons":[],"startAt":1775400003389,"status":"pending","title":"Login_10: Đăng nhập khi không có kết nối internet (Client-side behaviour)"}],"endTime":1775400003504,"message":"","name":"D:\\NNPTUD_DoAn\\backend\\tests\\integration\\login-ui.integration.test.js","startTime":1775399998257,"status":"focused","summary":""},{"assertionResults":[{"ancestorTitles":["UI Test Cases - Delete Product Endpoint (/api/v1/products/:id & /bulk-delete)"],"duration":null,"failing":false,"failureDetails":[],"failureMessages":[],"fullName":"UI Test Cases - Delete Product Endpoint (/api/v1/products/:id & /bulk-delete) Delete_1: Hiển thị hộp thoại xác nhận xóa (Hành vi của giao diện UI)","invocations":1,"location":null,"numPassingAsserts":0,"retryReasons":[],"startAt":1775400000335,"status":"pending","title":"Delete_1: Hiển thị hộp thoại xác nhận xóa (Hành vi của giao diện UI)"},{"ancestorTitles":["UI Test Cases - Delete Product Endpoint (/api/v1/products/:id & /bulk-delete)"],"duration":747,"failing":false,"failureDetails":[],"failureMessages":[],"fullName":"UI Test Cases - Delete Product Endpoint (/api/v1/products/:id & /bulk-delete) Delete_2: Xác nhận xóa sản phẩm thành công","invocations":1,"location":null,"numPassingAsserts":4,"retryReasons":[],"startAt":1775400000335,"status":"passed","title":"Delete_2: Xác nhận xóa sản phẩm thành công"},{"ancestorTitles":["UI Test Cases - Delete Product Endpoint (/api/v1/products/:id & /bulk-delete)"],"duration":null,"failing":false,"failureDetails":[],"failureMessages":[],"fullName":"UI Test Cases - Delete Product Endpoint (/api/v1/products/:id & /bulk-delete) Delete_3: Hủy xóa (Cancel) sản phẩm trên UI, không gọi xuống API","invocations":1,"location":null,"numPassingAsserts":0,"retryReasons":[],"startAt":1775400001083,"status":"pending","title":"Delete_3: Hủy xóa (Cancel) sản phẩm trên UI, không gọi xuống API"},{"ancestorTitles":["UI Test Cases - Delete Product Endpoint (/api/v1/products/:id & /bulk-delete)"],"duration":503,"failing":false,"failureDetails":[],"failureMessages":[],"fullName":"UI Test Cases - Delete Product Endpoint (/api/v1/products/:id & /bulk-delete) Delete_4: Xóa sản phẩm rồi tìm lại bằng Search phải không thấy kết quả","invocations":1,"location":null,"numPassingAsserts":2,"retryReasons":[],"startAt":1775400001083,"status":"passed","title":"Delete_4: Xóa sản phẩm rồi tìm lại bằng Search phải không thấy kết quả"},{"ancestorTitles":["UI Test Cases - Delete Product Endpoint (/api/v1/products/:id & /bulk-delete)"],"duration":492,"failing":false,"failureDetails":[],"failureMessages":[],"fullName":"UI Test Cases - Delete Product Endpoint (/api/v1/products/:id & /bulk-delete) Delete_5: Xóa sản phẩm và reload danh sách (GET ALL) không thấy sản phẩm","invocations":1,"location":null,"numPassingAsserts":2,"retryReasons":[],"startAt":1775400001586,"status":"passed","title":"Delete_5: Xóa sản phẩm và reload danh sách (GET ALL) không thấy sản phẩm"},{"ancestorTitles":["UI Test Cases - Delete Product Endpoint (/api/v1/products/:id & /bulk-delete)"],"duration":475,"failing":false,"failureDetails":[],"failureMessages":[],"fullName":"UI Test Cases - Delete Product Endpoint (/api/v1/products/:id & /bulk-delete) Delete_6: Không chọn sản phẩm mà gọi API xóa (Bulk Delete)","invocations":1,"location":null,"numPassingAsserts":2,"retryReasons":[],"startAt":1775400002079,"status":"passed","title":"Delete_6: Không chọn sản phẩm mà gọi API xóa (Bulk Delete)"},{"ancestorTitles":["UI Test Cases - Delete Product Endpoint (/api/v1/products/:id & /bulk-delete)"],"duration":492,"failing":false,"failureDetails":[],"failureMessages":[],"fullName":"UI Test Cases - Delete Product Endpoint (/api/v1/products/:id & /bulk-delete) Delete_7: Click API Delete trên 1 sản phẩm nhiều lần liên tiếp sẽ ra 404 Not Found từ lần thứ 2","invocations":1,"location":null,"numPassingAsserts":3,"retryReasons":[],"startAt":1775400002554,"status":"passed","title":"Delete_7: Click API Delete trên 1 sản phẩm nhiều lần liên tiếp sẽ ra 404 Not Found từ lần thứ 2"},{"ancestorTitles":["UI Test Cases - Delete Product Endpoint (/api/v1/products/:id & /bulk-delete)"],"duration":476,"failing":false,"failureDetails":[],"failureMessages":[],"fullName":"UI Test Cases - Delete Product Endpoint (/api/v1/products/:id & /bulk-delete) Delete_8: Xóa nhiều sản phẩm cùng lúc bằng tính năng Bulk Delete","invocations":1,"location":null,"numPassingAsserts":2,"retryReasons":[],"startAt":1775400003047,"status":"passed","title":"Delete_8: Xóa nhiều sản phẩm cùng lúc bằng tính năng Bulk Delete"},{"ancestorTitles":["UI Test Cases - Delete Product Endpoint (/api/v1/products/:id & /bulk-delete)"],"duration":462,"failing":false,"failureDetails":[],"failureMessages":[],"fullName":"UI Test Cases - Delete Product Endpoint (/api/v1/products/:id & /bulk-delete) Delete_9: Theo thiết kế Backend hiện tại sẽ vẫn cho Soft Delete để giữ lịc sử giỏ hàng","invocations":1,"location":null,"numPassingAsserts":1,"retryReasons":[],"startAt":1775400003523,"status":"passed","title":"Delete_9: Theo thiết kế Backend hiện tại sẽ vẫn cho Soft Delete để giữ lịc sử giỏ hàng"},{"ancestorTitles":["UI Test Cases - Delete Product Endpoint (/api/v1/products/:id & /bulk-delete)"],"duration":null,"failing":false,"failureDetails":[],"failureMessages":[],"fullName":"UI Test Cases - Delete Product Endpoint (/api/v1/products/:id & /bulk-delete) Delete_10: Mất kết nối Internet - Hành vi Client network","invocations":1,"location":null,"numPassingAsserts":0,"retryReasons":[],"startAt":1775400003985,"status":"pending","title":"Delete_10: Mất kết nối Internet - Hành vi Client network"}],"endTime":1775400004101,"message":"","name":"D:\\NNPTUD_DoAn\\backend\\tests\\integration\\delete-product-ui.integration.test.js","startTime":1775399998252,"status":"focused","summary":""},{"assertionResults":[{"ancestorTitles":["UI Test Cases - Add Product Endpoint (/api/v1/products)"],"duration":707,"failing":false,"failureDetails":[],"failureMessages":[],"fullName":"UI Test Cases - Add Product Endpoint (/api/v1/products) Add_1: Tạo sản phẩm thành công với dữ liệu hợp lệ","invocations":1,"location":null,"numPassingAsserts":3,"retryReasons":[],"startAt":1775400000303,"status":"passed","title":"Add_1: Tạo sản phẩm thành công với dữ liệu hợp lệ"},{"ancestorTitles":["UI Test Cases - Add Product Endpoint (/api/v1/products)"],"duration":489,"failing":false,"failureDetails":[],"failureMessages":[],"fullName":"UI Test Cases - Add Product Endpoint (/api/v1/products) Add_2: Tạo sản phẩm thất bại – bỏ trống tên sản phẩm","invocations":1,"location":null,"numPassingAsserts":2,"retryReasons":[],"startAt":1775400001010,"status":"passed","title":"Add_2: Tạo sản phẩm thất bại – bỏ trống tên sản phẩm"},{"ancestorTitles":["UI Test Cases - Add Product Endpoint (/api/v1/products)"],"duration":468,"failing":false,"failureDetails":[],"failureMessages":[],"fullName":"UI Test Cases - Add Product Endpoint (/api/v1/products) Add_3: Tạo sản phẩm thất bại khi bỏ trống SKU","invocations":1,"location":null,"numPassingAsserts":2,"retryReasons":[],"startAt":1775400001499,"status":"passed","title":"Add_3: Tạo sản phẩm thất bại khi bỏ trống SKU"},{"ancestorTitles":["UI Test Cases - Add Product Endpoint (/api/v1/products)"],"duration":482,"failing":false,"failureDetails":[],"failureMessages":[],"fullName":"UI Test Cases - Add Product Endpoint (/api/v1/products) Add_4: Tạo sản phẩm thất bại khi SKU bị trùng","invocations":1,"location":null,"numPassingAsserts":2,"retryReasons":[],"startAt":1775400001968,"status":"passed","title":"Add_4: Tạo sản phẩm thất bại khi SKU bị trùng"},{"ancestorTitles":["UI Test Cases - Add Product Endpoint (/api/v1/products)"],"duration":464,"failing":false,"failureDetails":[{"matcherResult":{"actual":false,"expected":true,"message":"\u001b[2mexpect(\u001b[22m\u001b[31mreceived\u001b[39m\u001b[2m).\u001b[22mtoBe\u001b[2m(\u001b[22m\u001b[32mexpected\u001b[39m\u001b[2m) // Object.is equality\u001b[22m\n\nExpected: \u001b[32mtrue\u001b[39m\nReceived: \u001b[31mfalse\u001b[39m","name":"toBe","pass":false}}],"failureMessages":["Error: \u001b[2mexpect(\u001b[22m\u001b[31mreceived\u001b[39m\u001b[2m).\u001b[22mtoBe\u001b[2m(\u001b[22m\u001b[32mexpected\u001b[39m\u001b[2m) // Object.is equality\u001b[22m\n\nExpected: \u001b[32mtrue\u001b[39m\nReceived: \u001b[31mfalse\u001b[39m\n    at Object.toBe (D:\\NNPTUD_DoAn\\backend\\tests\\integration\\add-product-ui.integration.test.js:137:119)\n    at processTicksAndRejections (node:internal/process/task_queues:95:5)"],"fullName":"UI Test Cases - Add Product Endpoint (/api/v1/products) Add_5: Tạo sản phẩm thất bại khi giá = 0","invocations":1,"location":null,"numPassingAsserts":1,"retryReasons":[],"startAt":1775400002450,"status":"failed","title":"Add_5: Tạo sản phẩm thất bại khi giá = 0"},{"ancestorTitles":["UI Test Cases - Add Product Endpoint (/api/v1/products)"],"duration":469,"failing":false,"failureDetails":[{"matcherResult":{"actual":false,"expected":true,"message":"\u001b[2mexpect(\u001b[22m\u001b[31mreceived\u001b[39m\u001b[2m).\u001b[22mtoBe\u001b[2m(\u001b[22m\u001b[32mexpected\u001b[39m\u001b[2m) // Object.is equality\u001b[22m\n\nExpected: \u001b[32mtrue\u001b[39m\nReceived: \u001b[31mfalse\u001b[39m","name":"toBe","pass":false}}],"failureMessages":["Error: \u001b[2mexpect(\u001b[22m\u001b[31mreceived\u001b[39m\u001b[2m).\u001b[22mtoBe\u001b[2m(\u001b[22m\u001b[32mexpected\u001b[39m\u001b[2m) // Object.is equality\u001b[22m\n\nExpected: \u001b[32mtrue\u001b[39m\nReceived: \u001b[31mfalse\u001b[39m\n    at Object.toBe (D:\\NNPTUD_DoAn\\backend\\tests\\integration\\add-product-ui.integration.test.js:153:119)\n    at processTicksAndRejections (node:internal/process/task_queues:95:5)"],"fullName":"UI Test Cases - Add Product Endpoint (/api/v1/products) Add_6: Tạo sản phẩm thất bại khi giá âm","invocations":1,"location":null,"numPassingAsserts":1,"retryReasons":[],"startAt":1775400002921,"status":"failed","title":"Add_6: Tạo sản phẩm thất bại khi giá âm"},{"ancestorTitles":["UI Test Cases - Add Product Endpoint (/api/v1/products)"],"duration":455,"failing":false,"failureDetails":[],"failureMessages":[],"fullName":"UI Test Cases - Add Product Endpoint (/api/v1/products) Add_7: Tạo sản phẩm thất bại khi giảm giá > 100%","invocations":1,"location":null,"numPassingAsserts":1,"retryReasons":[],"startAt":1775400003391,"status":"passed","title":"Add_7: Tạo sản phẩm thất bại khi giảm giá > 100%"},{"ancestorTitles":["UI Test Cases - Add Product Endpoint (/api/v1/products)"],"duration":449,"failing":false,"failureDetails":[],"failureMessages":[],"fullName":"UI Test Cases - Add Product Endpoint (/api/v1/products) Add_8: Tạo sản phẩm thất bại khi bỏ trống toàn bộ dữ liệu","invocations":1,"location":null,"numPassingAsserts":2,"retryReasons":[],"startAt":1775400003846,"status":"passed","title":"Add_8: Tạo sản phẩm thất bại khi bỏ trống toàn bộ dữ liệu"},{"ancestorTitles":["UI Test Cases - Add Product Endpoint (/api/v1/products)"],"duration":437,"failing":false,"failureDetails":[{"matcherResult":{"actual":false,"expected":true,"message":"\u001b[2mexpect(\u001b[22m\u001b[31mreceived\u001b[39m\u001b[2m).\u001b[22mtoBe\u001b[2m(\u001b[22m\u001b[32mexpected\u001b[39m\u001b[2m) // Object.is equality\u001b[22m\n\nExpected: \u001b[32mtrue\u001b[39m\nReceived: \u001b[31mfalse\u001b[39m","name":"toBe","pass":false}}],"failureMessages":["Error: \u001b[2mexpect(\u001b[22m\u001b[31mreceived\u001b[39m\u001b[2m).\u001b[22mtoBe\u001b[2m(\u001b[22m\u001b[32mexpected\u001b[39m\u001b[2m) // Object.is equality\u001b[22m\n\nExpected: \u001b[32mtrue\u001b[39m\nReceived: \u001b[31mfalse\u001b[39m\n    at Object.toBe (D:\\NNPTUD_DoAn\\backend\\tests\\integration\\add-product-ui.integration.test.js:197:87)\n    at processTicksAndRejections (node:internal/process/task_queues:95:5)"],"fullName":"UI Test Cases - Add Product Endpoint (/api/v1/products) Add_9: Tạo sản phẩm thất bại khi nhập tên sản phẩm chỉ chứa khoảng trắng","invocations":1,"location":null,"numPassingAsserts":1,"retryReasons":[],"startAt":1775400004295,"status":"failed","title":"Add_9: Tạo sản phẩm thất bại khi nhập tên sản phẩm chỉ chứa khoảng trắng"},{"ancestorTitles":["UI Test Cases - Add Product Endpoint (/api/v1/products)"],"duration":444,"failing":false,"failureDetails":[],"failureMessages":[],"fullName":"UI Test Cases - Add Product Endpoint (/api/v1/products) Add_10: Tạo sản phẩm thất bại khi nhập ký tự đặc biệt vào tên sản phẩm","invocations":1,"location":null,"numPassingAsserts":1,"retryReasons":[],"startAt":1775400004732,"status":"passed","title":"Add_10: Tạo sản phẩm thất bại khi nhập ký tự đặc biệt vào tên sản phẩm"}],"endTime":1775400005314,"message":"\u001b[1m\u001b[31m  \u001b[1m● \u001b[22m\u001b[1mUI Test Cases - Add Product Endpoint (/api/v1/products) › Add_5: Tạo sản phẩm thất bại khi giá = 0\u001b[39m\u001b[22m\n\n    \u001b[2mexpect(\u001b[22m\u001b[31mreceived\u001b[39m\u001b[2m).\u001b[22mtoBe\u001b[2m(\u001b[22m\u001b[32mexpected\u001b[39m\u001b[2m) // Object.is equality\u001b[22m\n\n    Expected: \u001b[32mtrue\u001b[39m\n    Received: \u001b[31mfalse\u001b[39m\n\u001b[2m\u001b[22m\n\u001b[2m    \u001b[0m \u001b[90m 135 |\u001b[39m     \u001b[90m// Dựa theo UI, kết quả phải lỗi 'Vui lòng nhập giá hợp lệ'\u001b[39m\u001b[22m\n\u001b[2m     \u001b[90m 136 |\u001b[39m     expect(res\u001b[33m.\u001b[39mstatus)\u001b[33m.\u001b[39mtoBe(\u001b[35m400\u001b[39m)\u001b[33m;\u001b[39m \u001b[22m\n\u001b[2m    \u001b[31m\u001b[1m>\u001b[22m\u001b[2m\u001b[39m\u001b[90m 137 |\u001b[39m     expect(res\u001b[33m.\u001b[39mbody\u001b[33m.\u001b[39merrors \u001b[33m?\u001b[39m res\u001b[33m.\u001b[39mbody\u001b[33m.\u001b[39merrors\u001b[33m.\u001b[39msome(e \u001b[33m=>\u001b[39m e\u001b[33m.\u001b[39mmessage\u001b[33m.\u001b[39mincludes(\u001b[32m'Giá'\u001b[39m)) \u001b[33m:\u001b[39m res\u001b[33m.\u001b[39mbody\u001b[33m.\u001b[39mmessage\u001b[33m.\u001b[39mincludes(\u001b[32m'Giá'\u001b[39m))\u001b[33m.\u001b[39mtoBe(\u001b[36mtrue\u001b[39m)\u001b[33m;\u001b[39m\u001b[22m\n\u001b[2m     \u001b[90m     |\u001b[39m                                                                                                                       \u001b[31m\u001b[1m^\u001b[22m\u001b[2m\u001b[39m\u001b[22m\n\u001b[2m     \u001b[90m 138 |\u001b[39m   })\u001b[33m;\u001b[39m\u001b[22m\n\u001b[2m     \u001b[90m 139 |\u001b[39m\u001b[22m\n\u001b[2m     \u001b[90m 140 |\u001b[39m   \u001b[90m// Add_6: Giá âm\u001b[39m\u001b[0m\u001b[22m\n\u001b[2m\u001b[22m\n\u001b[2m      \u001b[2mat Object.toBe (\u001b[22m\u001b[2m\u001b[0m\u001b[36mtests/integration/add-product-ui.integration.test.js\u001b[39m\u001b[0m\u001b[2m:137:119)\u001b[22m\u001b[2m\u001b[22m\n\n\u001b[1m\u001b[31m  \u001b[1m● \u001b[22m\u001b[1mUI Test Cases - Add Product Endpoint (/api/v1/products) › Add_6: Tạo sản phẩm thất bại khi giá âm\u001b[39m\u001b[22m\n\n    \u001b[2mexpect(\u001b[22m\u001b[31mreceived\u001b[39m\u001b[2m).\u001b[22mtoBe\u001b[2m(\u001b[22m\u001b[32mexpected\u001b[39m\u001b[2m) // Object.is equality\u001b[22m\n\n    Expected: \u001b[32mtrue\u001b[39m\n    Received: \u001b[31mfalse\u001b[39m\n\u001b[2m\u001b[22m\n\u001b[2m    \u001b[0m \u001b[90m 151 |\u001b[39m\u001b[22m\n\u001b[2m     \u001b[90m 152 |\u001b[39m     expect(res\u001b[33m.\u001b[39mstatus)\u001b[33m.\u001b[39mtoBe(\u001b[35m400\u001b[39m)\u001b[33m;\u001b[39m\u001b[22m\n\u001b[2m    \u001b[31m\u001b[1m>\u001b[22m\u001b[2m\u001b[39m\u001b[90m 153 |\u001b[39m     expect(res\u001b[33m.\u001b[39mbody\u001b[33m.\u001b[39merrors \u001b[33m?\u001b[39m res\u001b[33m.\u001b[39mbody\u001b[33m.\u001b[39merrors\u001b[33m.\u001b[39msome(e \u001b[33m=>\u001b[39m e\u001b[33m.\u001b[39mmessage\u001b[33m.\u001b[39mincludes(\u001b[32m'Giá'\u001b[39m)) \u001b[33m:\u001b[39m res\u001b[33m.\u001b[39mbody\u001b[33m.\u001b[39mmessage\u001b[33m.\u001b[39mincludes(\u001b[32m'Giá'\u001b[39m))\u001b[33m.\u001b[39mtoBe(\u001b[36mtrue\u001b[39m)\u001b[33m;\u001b[39m\u001b[22m\n\u001b[2m     \u001b[90m     |\u001b[39m                                                                                                                       \u001b[31m\u001b[1m^\u001b[22m\u001b[2m\u001b[39m\u001b[22m\n\u001b[2m     \u001b[90m 154 |\u001b[39m   })\u001b[33m;\u001b[39m\u001b[22m\n\u001b[2m     \u001b[90m 155 |\u001b[39m\u001b[22m\n\u001b[2m     \u001b[90m 156 |\u001b[39m   \u001b[90m// Add_7: Giảm giá > 100%\u001b[39m\u001b[0m\u001b[22m\n\u001b[2m\u001b[22m\n\u001b[2m      \u001b[2mat Object.toBe (\u001b[22m\u001b[2m\u001b[0m\u001b[36mtests/integration/add-product-ui.integration.test.js\u001b[39m\u001b[0m\u001b[2m:153:119)\u001b[22m\u001b[2m\u001b[22m\n\n\u001b[1m\u001b[31m  \u001b[1m● \u001b[22m\u001b[1mUI Test Cases - Add Product Endpoint (/api/v1/products) › Add_9: Tạo sản phẩm thất bại khi nhập tên sản phẩm chỉ chứa khoảng trắng\u001b[39m\u001b[22m\n\n    \u001b[2mexpect(\u001b[22m\u001b[31mreceived\u001b[39m\u001b[2m).\u001b[22mtoBe\u001b[2m(\u001b[22m\u001b[32mexpected\u001b[39m\u001b[2m) // Object.is equality\u001b[22m\n\n    Expected: \u001b[32mtrue\u001b[39m\n    Received: \u001b[31mfalse\u001b[39m\n\u001b[2m\u001b[22m\n\u001b[2m    \u001b[0m \u001b[90m 195 |\u001b[39m\u001b[22m\n\u001b[2m     \u001b[90m 196 |\u001b[39m     expect(res\u001b[33m.\u001b[39mstatus)\u001b[33m.\u001b[39mtoBe(\u001b[35m400\u001b[39m)\u001b[33m;\u001b[39m\u001b[22m\n\u001b[2m    \u001b[31m\u001b[1m>\u001b[22m\u001b[2m\u001b[39m\u001b[90m 197 |\u001b[39m     expect(res\u001b[33m.\u001b[39mbody\u001b[33m.\u001b[39merrors\u001b[33m.\u001b[39msome(e \u001b[33m=>\u001b[39m e\u001b[33m.\u001b[39mmessage\u001b[33m.\u001b[39mincludes(\u001b[32m'Tên sản phẩm là bắt buộc'\u001b[39m)))\u001b[33m.\u001b[39mtoBe(\u001b[36mtrue\u001b[39m)\u001b[33m;\u001b[39m \u001b[90m// Do đã gọi .trim() trong route\u001b[39m\u001b[22m\n\u001b[2m     \u001b[90m     |\u001b[39m                                                                                       \u001b[31m\u001b[1m^\u001b[22m\u001b[2m\u001b[39m\u001b[22m\n\u001b[2m     \u001b[90m 198 |\u001b[39m   })\u001b[33m;\u001b[39m\u001b[22m\n\u001b[2m     \u001b[90m 199 |\u001b[39m\u001b[22m\n\u001b[2m     \u001b[90m 200 |\u001b[39m   \u001b[90m// Add_10: Special Characters => Cố tình viết expect Fail\u001b[39m\u001b[0m\u001b[22m\n\u001b[2m\u001b[22m\n\u001b[2m      \u001b[2mat Object.toBe (\u001b[22m\u001b[2m\u001b[0m\u001b[36mtests/integration/add-product-ui.integration.test.js\u001b[39m\u001b[0m\u001b[2m:197:87)\u001b[22m\u001b[2m\u001b[22m\n","name":"D:\\NNPTUD_DoAn\\backend\\tests\\integration\\add-product-ui.integration.test.js","startTime":1775399998251,"status":"failed","summary":""},{"assertionResults":[{"ancestorTitles":["UI Test Cases - Edit Product Endpoint (/api/v1/products/:id)"],"duration":710,"failing":false,"failureDetails":[{"matcherResult":{"actual":10800000,"expected":15000000,"message":"\u001b[2mexpect(\u001b[22m\u001b[31mreceived\u001b[39m\u001b[2m).\u001b[22mtoBe\u001b[2m(\u001b[22m\u001b[32mexpected\u001b[39m\u001b[2m) // Object.is equality\u001b[22m\n\nExpected: \u001b[32m15000000\u001b[39m\nReceived: \u001b[31m10800000\u001b[39m","name":"toBe","pass":false}}],"failureMessages":["Error: \u001b[2mexpect(\u001b[22m\u001b[31mreceived\u001b[39m\u001b[2m).\u001b[22mtoBe\u001b[2m(\u001b[22m\u001b[32mexpected\u001b[39m\u001b[2m) // Object.is equality\u001b[22m\n\nExpected: \u001b[32m15000000\u001b[39m\nReceived: \u001b[31m10800000\u001b[39m\n    at Object.toBe (D:\\NNPTUD_DoAn\\backend\\tests\\integration\\edit-product-ui.integration.test.js:69:33)\n    at processTicksAndRejections (node:internal/process/task_queues:95:5)"],"fullName":"UI Test Cases - Edit Product Endpoint (/api/v1/products/:id) Edit_1: Test chỉnh sửa sản phẩm thành công với dữ liệu hợp lệ","invocations":1,"location":null,"numPassingAsserts":3,"retryReasons":[],"startAt":1775400000317,"status":"failed","title":"Edit_1: Test chỉnh sửa sản phẩm thành công với dữ liệu hợp lệ"},{"ancestorTitles":["UI Test Cases - Edit Product Endpoint (/api/v1/products/:id)"],"duration":488,"failing":false,"failureDetails":[],"failureMessages":[],"fullName":"UI Test Cases - Edit Product Endpoint (/api/v1/products/:id) Edit_2: Test chỉnh sửa thất bại – bỏ trống tên sản phẩm","invocations":1,"location":null,"numPassingAsserts":2,"retryReasons":[],"startAt":1775400001035,"status":"passed","title":"Edit_2: Test chỉnh sửa thất bại – bỏ trống tên sản phẩm"},{"ancestorTitles":["UI Test Cases - Edit Product Endpoint (/api/v1/products/:id)"],"duration":478,"failing":false,"failureDetails":[],"failureMessages":[],"fullName":"UI Test Cases - Edit Product Endpoint (/api/v1/products/:id) Edit_3: Test chỉnh sửa thất bại – SKU trùng","invocations":1,"location":null,"numPassingAsserts":2,"retryReasons":[],"startAt":1775400001523,"status":"passed","title":"Edit_3: Test chỉnh sửa thất bại – SKU trùng"},{"ancestorTitles":["UI Test Cases - Edit Product Endpoint (/api/v1/products/:id)"],"duration":471,"failing":false,"failureDetails":[{"matcherResult":{"actual":false,"expected":true,"message":"\u001b[2mexpect(\u001b[22m\u001b[31mreceived\u001b[39m\u001b[2m).\u001b[22mtoBe\u001b[2m(\u001b[22m\u001b[32mexpected\u001b[39m\u001b[2m) // Object.is equality\u001b[22m\n\nExpected: \u001b[32mtrue\u001b[39m\nReceived: \u001b[31mfalse\u001b[39m","name":"toBe","pass":false}}],"failureMessages":["Error: \u001b[2mexpect(\u001b[22m\u001b[31mreceived\u001b[39m\u001b[2m).\u001b[22mtoBe\u001b[2m(\u001b[22m\u001b[32mexpected\u001b[39m\u001b[2m) // Object.is equality\u001b[22m\n\nExpected: \u001b[32mtrue\u001b[39m\nReceived: \u001b[31mfalse\u001b[39m\n    at Object.toBe (D:\\NNPTUD_DoAn\\backend\\tests\\integration\\edit-product-ui.integration.test.js:117:119)\n    at processTicksAndRejections (node:internal/process/task_queues:95:5)"],"fullName":"UI Test Cases - Edit Product Endpoint (/api/v1/products/:id) Edit_4: Test chỉnh sửa thất bại – giá = 0","invocations":1,"location":null,"numPassingAsserts":1,"retryReasons":[],"startAt":1775400002001,"status":"failed","title":"Edit_4: Test chỉnh sửa thất bại – giá = 0"},{"ancestorTitles":["UI Test Cases - Edit Product Endpoint (/api/v1/products/:id)"],"duration":470,"failing":false,"failureDetails":[{"matcherResult":{"actual":false,"expected":true,"message":"\u001b[2mexpect(\u001b[22m\u001b[31mreceived\u001b[39m\u001b[2m).\u001b[22mtoBe\u001b[2m(\u001b[22m\u001b[32mexpected\u001b[39m\u001b[2m) // Object.is equality\u001b[22m\n\nExpected: \u001b[32mtrue\u001b[39m\nReceived: \u001b[31mfalse\u001b[39m","name":"toBe","pass":false}}],"failureMessages":["Error: \u001b[2mexpect(\u001b[22m\u001b[31mreceived\u001b[39m\u001b[2m).\u001b[22mtoBe\u001b[2m(\u001b[22m\u001b[32mexpected\u001b[39m\u001b[2m) // Object.is equality\u001b[22m\n\nExpected: \u001b[32mtrue\u001b[39m\nReceived: \u001b[31mfalse\u001b[39m\n    at Object.toBe (D:\\NNPTUD_DoAn\\backend\\tests\\integration\\edit-product-ui.integration.test.js:130:119)\n    at processTicksAndRejections (node:internal/process/task_queues:95:5)"],"fullName":"UI Test Cases - Edit Product Endpoint (/api/v1/products/:id) Edit_5: Test chỉnh sửa thất bại – giá âm","invocations":1,"location":null,"numPassingAsserts":1,"retryReasons":[],"startAt":1775400002472,"status":"failed","title":"Edit_5: Test chỉnh sửa thất bại – giá âm"},{"ancestorTitles":["UI Test Cases - Edit Product Endpoint (/api/v1/products/:id)"],"duration":479,"failing":false,"failureDetails":[],"failureMessages":[],"fullName":"UI Test Cases - Edit Product Endpoint (/api/v1/products/:id) Edit_6: Test chỉnh sửa thất bại – giảm giá > 100%","invocations":1,"location":null,"numPassingAsserts":1,"retryReasons":[],"startAt":1775400002942,"status":"passed","title":"Edit_6: Test chỉnh sửa thất bại – giảm giá > 100%"},{"ancestorTitles":["UI Test Cases - Edit Product Endpoint (/api/v1/products/:id)"],"duration":457,"failing":false,"failureDetails":[],"failureMessages":[],"fullName":"UI Test Cases - Edit Product Endpoint (/api/v1/products/:id) Edit_7: Test chỉnh sửa thất bại – tên chỉ chứa khoảng trắng","invocations":1,"location":null,"numPassingAsserts":2,"retryReasons":[],"startAt":1775400003421,"status":"passed","title":"Edit_7: Test chỉnh sửa thất bại – tên chỉ chứa khoảng trắng"},{"ancestorTitles":["UI Test Cases - Edit Product Endpoint (/api/v1/products/:id)"],"duration":452,"failing":false,"failureDetails":[],"failureMessages":[],"fullName":"UI Test Cases - Edit Product Endpoint (/api/v1/products/:id) Edit_8: Test chỉnh sửa – không thay đổi gì","invocations":1,"location":null,"numPassingAsserts":3,"retryReasons":[],"startAt":1775400003878,"status":"passed","title":"Edit_8: Test chỉnh sửa – không thay đổi gì"},{"ancestorTitles":["UI Test Cases - Edit Product Endpoint (/api/v1/products/:id)"],"duration":451,"failing":false,"failureDetails":[],"failureMessages":[],"fullName":"UI Test Cases - Edit Product Endpoint (/api/v1/products/:id) Edit_9: Test chỉnh sửa thất bại – nhập ký tự đặc biệt vào tên","invocations":1,"location":null,"numPassingAsserts":2,"retryReasons":[],"startAt":1775400004330,"status":"passed","title":"Edit_9: Test chỉnh sửa thất bại – nhập ký tự đặc biệt vào tên"},{"ancestorTitles":["UI Test Cases - Edit Product Endpoint (/api/v1/products/:id)"],"duration":446,"failing":false,"failureDetails":[],"failureMessages":[],"fullName":"UI Test Cases - Edit Product Endpoint (/api/v1/products/:id) Edit_10: Test chỉnh sửa thất bại – nhập giá dạng chữ abc","invocations":1,"location":null,"numPassingAsserts":2,"retryReasons":[],"startAt":1775400004782,"status":"passed","title":"Edit_10: Test chỉnh sửa thất bại – nhập giá dạng chữ abc"}],"endTime":1775400005360,"message":"\u001b[1m\u001b[31m  \u001b[1m● \u001b[22m\u001b[1mUI Test Cases - Edit Product Endpoint (/api/v1/products/:id) › Edit_1: Test chỉnh sửa sản phẩm thành công với dữ liệu hợp lệ\u001b[39m\u001b[22m\n\n    \u001b[2mexpect(\u001b[22m\u001b[31mreceived\u001b[39m\u001b[2m).\u001b[22mtoBe\u001b[2m(\u001b[22m\u001b[32mexpected\u001b[39m\u001b[2m) // Object.is equality\u001b[22m\n\n    Expected: \u001b[32m15000000\u001b[39m\n    Received: \u001b[31m10800000\u001b[39m\n\u001b[2m\u001b[22m\n\u001b[2m    \u001b[0m \u001b[90m 67 |\u001b[39m     \u001b[90m// Because API replaces missing params with existing ones, it only updates given fields:\u001b[39m\u001b[22m\n\u001b[2m     \u001b[90m 68 |\u001b[39m     expect(res\u001b[33m.\u001b[39mbody\u001b[33m.\u001b[39mdata\u001b[33m.\u001b[39mname)\u001b[33m.\u001b[39mtoBe(\u001b[32m'Rolex Daytona Updated'\u001b[39m)\u001b[33m;\u001b[39m\u001b[22m\n\u001b[2m    \u001b[31m\u001b[1m>\u001b[22m\u001b[2m\u001b[39m\u001b[90m 69 |\u001b[39m     expect(res\u001b[33m.\u001b[39mbody\u001b[33m.\u001b[39mdata\u001b[33m.\u001b[39mprice)\u001b[33m.\u001b[39mtoBe(\u001b[35m15000000\u001b[39m)\u001b[33m;\u001b[39m\u001b[22m\n\u001b[2m     \u001b[90m    |\u001b[39m                                 \u001b[31m\u001b[1m^\u001b[22m\u001b[2m\u001b[39m\u001b[22m\n\u001b[2m     \u001b[90m 70 |\u001b[39m   })\u001b[33m;\u001b[39m\u001b[22m\n\u001b[2m     \u001b[90m 71 |\u001b[39m\u001b[22m\n\u001b[2m     \u001b[90m 72 |\u001b[39m   \u001b[90m// Edit_2: Bỏ trống tên sản phẩm\u001b[39m\u001b[0m\u001b[22m\n\u001b[2m\u001b[22m\n\u001b[2m      \u001b[2mat Object.toBe (\u001b[22m\u001b[2m\u001b[0m\u001b[36mtests/integration/edit-product-ui.integration.test.js\u001b[39m\u001b[0m\u001b[2m:69:33)\u001b[22m\u001b[2m\u001b[22m\n\n\u001b[1m\u001b[31m  \u001b[1m● \u001b[22m\u001b[1mUI Test Cases - Edit Product Endpoint (/api/v1/products/:id) › Edit_4: Test chỉnh sửa thất bại – giá = 0\u001b[39m\u001b[22m\n\n    \u001b[2mexpect(\u001b[22m\u001b[31mreceived\u001b[39m\u001b[2m).\u001b[22mtoBe\u001b[2m(\u001b[22m\u001b[32mexpected\u001b[39m\u001b[2m) // Object.is equality\u001b[22m\n\n    Expected: \u001b[32mtrue\u001b[39m\n    Received: \u001b[31mfalse\u001b[39m\n\u001b[2m\u001b[22m\n\u001b[2m    \u001b[0m \u001b[90m 115 |\u001b[39m\u001b[22m\n\u001b[2m     \u001b[90m 116 |\u001b[39m     expect(res\u001b[33m.\u001b[39mstatus)\u001b[33m.\u001b[39mtoBe(\u001b[35m400\u001b[39m)\u001b[33m;\u001b[39m\u001b[22m\n\u001b[2m    \u001b[31m\u001b[1m>\u001b[22m\u001b[2m\u001b[39m\u001b[90m 117 |\u001b[39m     expect(res\u001b[33m.\u001b[39mbody\u001b[33m.\u001b[39merrors \u001b[33m?\u001b[39m res\u001b[33m.\u001b[39mbody\u001b[33m.\u001b[39merrors\u001b[33m.\u001b[39msome(e \u001b[33m=>\u001b[39m e\u001b[33m.\u001b[39mmessage\u001b[33m.\u001b[39mincludes(\u001b[32m'Giá'\u001b[39m)) \u001b[33m:\u001b[39m res\u001b[33m.\u001b[39mbody\u001b[33m.\u001b[39mmessage\u001b[33m.\u001b[39mincludes(\u001b[32m'Giá'\u001b[39m))\u001b[33m.\u001b[39mtoBe(\u001b[36mtrue\u001b[39m)\u001b[33m;\u001b[39m\u001b[22m\n\u001b[2m     \u001b[90m     |\u001b[39m                                                                                                                       \u001b[31m\u001b[1m^\u001b[22m\u001b[2m\u001b[39m\u001b[22m\n\u001b[2m     \u001b[90m 118 |\u001b[39m   })\u001b[33m;\u001b[39m\u001b[22m\n\u001b[2m     \u001b[90m 119 |\u001b[39m\u001b[22m\n\u001b[2m     \u001b[90m 120 |\u001b[39m   \u001b[90m// Edit_5: Giá âm\u001b[39m\u001b[0m\u001b[22m\n\u001b[2m\u001b[22m\n\u001b[2m      \u001b[2mat Object.toBe (\u001b[22m\u001b[2m\u001b[0m\u001b[36mtests/integration/edit-product-ui.integration.test.js\u001b[39m\u001b[0m\u001b[2m:117:119)\u001b[22m\u001b[2m\u001b[22m\n\n\u001b[1m\u001b[31m  \u001b[1m● \u001b[22m\u001b[1mUI Test Cases - Edit Product Endpoint (/api/v1/products/:id) › Edit_5: Test chỉnh sửa thất bại – giá âm\u001b[39m\u001b[22m\n\n    \u001b[2mexpect(\u001b[22m\u001b[31mreceived\u001b[39m\u001b[2m).\u001b[22mtoBe\u001b[2m(\u001b[22m\u001b[32mexpected\u001b[39m\u001b[2m) // Object.is equality\u001b[22m\n\n    Expected: \u001b[32mtrue\u001b[39m\n    Received: \u001b[31mfalse\u001b[39m\n\u001b[2m\u001b[22m\n\u001b[2m    \u001b[0m \u001b[90m 128 |\u001b[39m\u001b[22m\n\u001b[2m     \u001b[90m 129 |\u001b[39m     expect(res\u001b[33m.\u001b[39mstatus)\u001b[33m.\u001b[39mtoBe(\u001b[35m400\u001b[39m)\u001b[33m;\u001b[39m\u001b[22m\n\u001b[2m    \u001b[31m\u001b[1m>\u001b[22m\u001b[2m\u001b[39m\u001b[90m 130 |\u001b[39m     expect(res\u001b[33m.\u001b[39mbody\u001b[33m.\u001b[39merrors \u001b[33m?\u001b[39m res\u001b[33m.\u001b[39mbody\u001b[33m.\u001b[39merrors\u001b[33m.\u001b[39msome(e \u001b[33m=>\u001b[39m e\u001b[33m.\u001b[39mmessage\u001b[33m.\u001b[39mincludes(\u001b[32m'Giá'\u001b[39m)) \u001b[33m:\u001b[39m res\u001b[33m.\u001b[39mbody\u001b[33m.\u001b[39mmessage\u001b[33m.\u001b[39mincludes(\u001b[32m'Giá'\u001b[39m))\u001b[33m.\u001b[39mtoBe(\u001b[36mtrue\u001b[39m)\u001b[33m;\u001b[39m\u001b[22m\n\u001b[2m     \u001b[90m     |\u001b[39m                                                                                                                       \u001b[31m\u001b[1m^\u001b[22m\u001b[2m\u001b[39m\u001b[22m\n\u001b[2m     \u001b[90m 131 |\u001b[39m   })\u001b[33m;\u001b[39m\u001b[22m\n\u001b[2m     \u001b[90m 132 |\u001b[39m\u001b[22m\n\u001b[2m     \u001b[90m 133 |\u001b[39m   \u001b[90m// Edit_6: Giảm giá > 100%\u001b[39m\u001b[0m\u001b[22m\n\u001b[2m\u001b[22m\n\u001b[2m      \u001b[2mat Object.toBe (\u001b[22m\u001b[2m\u001b[0m\u001b[36mtests/integration/edit-product-ui.integration.test.js\u001b[39m\u001b[0m\u001b[2m:130:119)\u001b[22m\u001b[2m\u001b[22m\n","name":"D:\\NNPTUD_DoAn\\backend\\tests\\integration\\edit-product-ui.integration.test.js","startTime":1775399998251,"status":"failed","summary":""}],"wasInterrupted":false}
